[2026-06-28 09:37:09] SYSTEM STARTED [MODE: LOCAL]
[2026-06-28 09:37:09] 🕒 PREDICTION CYCLE: 09:37:09 | SOURCE: LOCAL
[2026-06-28 09:37:11] 🏠 Dean's Office (Environment Label: Indoor 🏠):
[2026-06-28 09:37:11]    Next  3 hrs (Today 12:37   ) -> PM2.5   5.90 μg/m³ | ✅ Normal
[2026-06-28 09:37:11]    Next  6 hrs (Today 15:37   ) -> PM2.5   4.73 μg/m³ | ✅ Normal
[2026-06-28 09:37:11]    Next  9 hrs (Today 18:37   ) -> PM2.5   3.51 μg/m³ | ✅ Normal
[2026-06-28 09:37:11]    Next 12 hrs (Today 21:37   ) -> PM2.5   4.97 μg/m³ | ✅ Normal
[2026-06-28 09:37:12] 🏠 Ajarn Supat's Office (Environment Label: Indoor 🏠):
[2026-06-28 09:37:12]    Next  3 hrs (Today 12:37   ) -> PM2.5   5.90 μg/m³ | ✅ Normal
[2026-06-28 09:37:12]    Next  6 hrs (Today 15:37   ) -> PM2.5   4.73 μg/m³ | ✅ Normal
[2026-06-28 09:37:12]    Next  9 hrs (Today 18:37   ) -> PM2.5   3.51 μg/m³ | ✅ Normal
[2026-06-28 09:37:12]    Next 12 hrs (Today 21:37   ) -> PM2.5   4.97 μg/m³ | ✅ Normal
[2026-06-28 09:37:22] 🕒 PREDICTION CYCLE: 09:37:22 | SOURCE: LOCAL
[2026-06-28 09:37:23] 🏠 Dean's Office (Environment Label: Indoor 🏠):
[2026-06-28 09:37:23]    Next  3 hrs (Today 12:37   ) -> PM2.5   5.90 μg/m³ | ✅ Normal
[2026-06-28 09:37:23]    Next  6 hrs (Today 15:37   ) -> PM2.5   4.73 μg/m³ | ✅ Normal
[2026-06-28 09:37:23]    Next  9 hrs (Today 18:37   ) -> PM2.5   3.51 μg/m³ | ✅ Normal
[2026-06-28 09:37:23]    Next 12 hrs (Today 21:37   ) -> PM2.5   4.97 μg/m³ | ✅ Normal
[2026-06-28 09:37:24] 🏠 Ajarn Supat's Office (Environment Label: Indoor 🏠):
[2026-06-28 09:37:24]    Next  3 hrs (Today 12:37   ) -> PM2.5   5.90 μg/m³ | ✅ Normal
[2026-06-28 09:37:24]    Next  6 hrs (Today 15:37   ) -> PM2.5   4.73 μg/m³ | ✅ Normal
[2026-06-28 09:37:24]    Next  9 hrs (Today 18:37   ) -> PM2.5   3.51 μg/m³ | ✅ Normal
[2026-06-28 09:37:24]    Next 12 hrs (Today 21:37   ) -> PM2.5   4.97 μg/m³ | ✅ Normal
